6965
6965
347
32404
32404
1109
10016
10016
266
4469
4469
302
34453
34453
3640
6791
6791
592
348658
348658
11590
45874
45874
1451
3976
3976
176
9250
9250
321
47048
47048
1751
1793
1793
145
24507
24507
869
7324
7324
458
11239
11239
623
18166
18166
661
12897
12897
914
10049
10049
834
21117
21117
206
15663
15663
578
91909
91909
6250
2164
2164
225
35192
35192
1948
5903
5903
220
31028
31028
1417
165
165
6
675970
675970
19755
16966
16966
726
3781
3781
53
30171
30171
972
218271
218271
9176
4729
4729
384
6191
6191
293
18062
18062
447
6462
6462
112
1947
1947
208
506
506
32
4031
4031
281
512
512
27
19690
19690
816
9005
9005
548
13195
13195
1298
2631246
2631246
44386
14713
14713
648
463
463
92
1414
1414
143
6230210
6230210
75672
18069
18069
863
382
382
28
423
423
1
2191
2191
293
698
698
82
32227
32227
1796
2619
2619
450
1801019
1801019
9101
13580
13580
586
563
563
77
7373
7373
348
2375
2375
292
573
573
41
7751
7751
194
8396
8396
959
7252
7252
643
42198
42198
1434
2530
2530
120
15164
15164
193
321
321
18
472031
472031
12954
1146
1146
158
9592
9592
755
4445
4445
362
140
140
27
9386
9386
749
9237
9237
159
6564
6564
476
6781
6781
372
262
262
23
26976
26976
1912
36265
36265
1222
22838
22838
1362
2730
2730
371
8410
8410
664
1395
1395
186
3883
3883
253
31022
31022
2221
421
421
128
2286
2286
237
183
183
55
1608
1608
184
4803
4803
120
3892
3892
328
6743
6743
169
4324
4324
402
19547
19547
1095
12093
12093
375
100052
100052
3278
1180
1180
318
9561
9561
498
1369
1369
101
6138
6138
580
125406
125406
6486
9022
9022
992
4174
4174
342
91360
91360
3245
2466
2466
234
5404
5404
174
16021
16021
731
1841
1841
159
5415
5415
567
4776
4776
261
192
192
37
7259
7259
410
13031
13031
529
2318274
2318274
28767
11835
11835
713
546
546
72
19805
19805
1365
84002
84002
6400
98
98
16
1137
1137
42
311060
311060
11221
794
794
67
160915
160915
7066
9902
9902
306
280
280
29
7055
7055
572
2200
2200
265
95
95
2
41637
41637
2317
4119902
4119902
36487
630
630
78
120959
120959
2106
18692
18692
1490
538468
538468
19097
63584
63584
3104
17033
17033
1204
160749
160749
5665
8696
8696
576
2740
2740
407
46958
46958
2460
5014
5014
141
9899
9899
547
4687
4687
525
13740
13740
504
24278
24278
1165
7470
7470
581
7094
7094
758
31723
31723
1266
5845
5845
358
783
783
42
32544
32544
1063
2494
2494
383
63682
63682
2219
8817
8817
5
119797
119797
304
728430
728430
12113
13508
13508
333
26167
26167
1452
5794
5794
599
282
282
3
14014
14014
990
28992
28992
1673
277096
277096
7663
801
801
71
2718
2718
151
4237
4237
513
21639
21639
1714
21389
21389
1374
822
822
35
71062
71062
2771
17640
17640
1329
4905
4905
347
249
249
60
5776
5776
454
1099
1099
98
17250
17250
1235
5550
5550
410
4964
4964
180
12946
12946
432
1570
1570
149
19961
19961
917
2379
2379
208
17660
17660
736
16754
16754
902
4448
4448
402
14807
14807
903
12307
12307
1544
47131
47131
1151
4238
4238
188
20827
20827
873
2037
2037
134
25872
25872
915
3474
3474
161
2248
2248
167
8011
8011
563
5079
5079
74
17903
17903
507
13253
13253
806
505714
505714
4825
393081
393081
12870
15568
15568
853
2678
2678
118
24190
24190
756
837630
837630
17227
627
627
109
4831
4831
489
4882
4882
435
191786
191786
12206
6806
6806
337
409
409
68
10993
10993
466
11093
11093
986
2641
2641
248
229
229
1
1732
1732
173
22420
22420
550
90900
90900
2528
6299
6299
223
744
744
13
333721
333721
9898
55057
55057
2845
8523
8523
398
2498508
2498508
39549
13428
13428
535
39927
39927
2965
17283
17283
1195
6490
6490
337
343
343
15
14930
14930
966
3406
3406
217
147
147
37
79088
79088
3396
230
230
57
9958
9958
1084
6749
6749
684
1473
1473
236
7535
7535
903
63610
63610
2438
54369
54369
1615
151704
151704
5158
19795
19795
1166
17223
17223
323
7410
7410
718
8592
8592
282
1029
1029
20
12273
12273
734
11433
11433
599
10923
10923
577
5979
5979
100
2018
2018
118
27689
27689
1604
3281
3281
139
7562
7562
580
5634
5634
300
1037
1037
63
24335
24335
1223
780
780
97
87029
87029
3934
390116
390116
11955
115580
115580
6075
843
843
125
641
641
52
206527
206527
8281
27933
27933
1640
57363
57363
2842
3665
3665
280
1111
1111
107
20149
20149
902
683
683
111
1486
1486
129
90939
90939
3459
7134
7134
580
17723
17723
1445
4914
4914
163
5588
5588
434
8557
8557
376
910
910
119
96712
96712
4855
384
384
50
4016
4016
13
1384
1384
176
2386
2386
236
18974
18974
593
9483
9483
368
50003
50003
2590
92778
92778
3612
3618
3618
229
647
647
36
3000
3000
281
1382
1382
198
845
845
97
5035
5035
394
1183
1183
170
6524
6524
163
10742
10742
799
55651
55651
1448
2376
2376
224
2910051
2910051
25822
2762
2762
113
29643
29643
807
295
295
20
3875
3875
207
3543
3543
61
8739
8739
479
201
201
35
61441
61441
3799
37028
37028
2130
121194
121194
3979
82479
82479
4264
5202
5202
409
19362
19362
937
167
167
27
11586
11586
678
216
216
28
1653
1653
198
8844
8844
621
36255
36255
1543
2152
2152
7
28997
28997
1583
167
167
19
59942
59942
1327
1112
1112
112
2250
2250
305
64120
64120
3133
2989
2989
296
14726
14726
411
26453
26453
1091
3216
3216
323
33775
33775
2360
3230
3230
305
3884
3884
155
8498
8498
508
47252
47252
1560
25380
25380
1572
1643
1643
97
2928
2928
361
1039
1039
109
9730
9730
520
3853
3853
352
3877
3877
244
3981
3981
74
3853
3853
117
1854
1854
172
2968
2968
232
4127
4127
325
1519
1519
136
178
178
20
1879
1879
126
38879
38879
1747
65151
65151
2927
153
153
31
349
349
36
6598
6598
303
108647
108647
3045
14604
14604
1251
20952
20952
733
6367
6367
388
26230
26230
1717
1040
1040
114
1429
1429
146
32279
32279
2178
2059
2059
201
15043
15043
275
11118
11118
325
1280
1280
30
11284
11284
910
6599
6599
374
37003
37003
2039
54129
54129
1330
6320
6320
673
504
504
69
6027
6027
611
275
275
25
121186
121186
3532
9262
9262
488
3907
3907
423
1462
1462
53
3686
3686
463
24649
24649
908
916
916
129
2507
2507
305
1087115
1087115
17580
514716
514716
7204
39832
39832
1788
9378
9378
569
2487
2487
225
85435
85435
1596
992
992
46
7879
7879
261
51
51
9
5035
5035
535
15924
15924
1002
327395
327395
12358
58784
58784
3381
35773
35773
843
1629
1629
155
10162
10162
867
195
195
27
13551
13551
833
202275
202275
7086
5664
5664
301
10169
10169
462
29657
29657
1246
22969
22969
742
5155
5155
405
21428
21428
361
1913
1913
112
3851
3851
326
60066
60066
3751
13148
13148
705
6610
6610
300
17981
17981
759
39741
39741
1808
7913
7913
418
2310
2310
149
15913
15913
1241
27731
27731
2255
1904
1904
95
26924
26924
959
5399
5399
256
468
468
91
36351
36351
2112
817
817
39
760
760
142
7751
7751
600
31154
31154
2332
1237
1237
37
1128
1128
155
1572
1572
118
740
740
17
2123
2123
102
21340
21340
1693
24305
24305
1276
2277
2277
181
8007
8007
752
1275
1275
72
28547
28547
1772
246
246
19
270935
270935
12457
8059
8059
796
22705
22705
1155
463
463
81
25923
25923
1602
7626
7626
44
8480
8480
647
2156
2156
207
3941
3941
408
25966
25966
757
41689
41689
3105
880
880
80
8657
8657
671
4970
4970
460
885089
885089
22528
466
466
50
264
264
31
9419
9419
844
7436
7436
602
223355
223355
9560
2900
2900
473
937
937
35
19786
19786
1089
553
553
27
363
363
56
5017
5017
528
52004
52004
1651
7183
7183
201
37115
37115
873
2280
2280
49
997
997
128
13613
13613
919
49148
49148
974
7885
7885
285
1687
1687
159
29273
29273
1145
7701
7701
505
26642
26642
1768
109955
109955
5321
78009
78009
3395
8188
8188
525
11003
11003
756
220044
220044
5572
11005
11005
662
17161
17161
1183
2656
2656
224
69656
69656
3871
3426
3426
242
321
321
33
10755
10755
529
889
889
78
6913
6913
535
1839
1839
175
3922
3922
230
99904
99904
3450
19364
19364
1476
78265
78265
1866
28946
28946
568
416
416
78
4321
4321
290
1903
1903
31
250697
250697
7791
10828
10828
578
33810
33810
2069
39768
39768
670
4118
4118
244
4736
4736
796
1757
1757
174
23186
23186
1378
3728
3728
167
1950
1950
208
11211
11211
684
4727
4727
466
801
801
47
3766
3766
375
4402
4402
497
6281
6281
233
955
955
65
162221
162221
5136
22398
22398
1695
441
441
166
150928
150928
5941
26355
26355
2643
3081
3081
273
580
580
103
15108
15108
600
5737
5737
293
111548
111548
3388
862
862
34
3918
3918
156
54817
54817
1241
3620
3620
491
2267
2267
319
1363
1363
111
1827
1827
271
409
409
58
2747
2747
342
11049
11049
375
22085
22085
1161
72937
72937
1994
3977
3977
248
2625
2625
338
5483
5483
235
2622
2622
218
65208
65208
3070
10701
10701
977
4050
4050
203
19231
19231
762
1041
1041
66
27093
27093
1821
52
52
3
7441
7441
587
2133
2133
74
126421
126421
4425
106186
106186
4312
3136
3136
221
14350
14350
901
2213
2213
178
1358
1358
114
49698
49698
1189
1903
1903
96
26295
26295
1753
21696
21696
396
123
123
1
260618
260618
6760
311
311
41
324
324
25
30401
30401
1323
193835
193835
4086
119145
119145
7001
25488
25488
1318
7599
7599
262
38335
38335
1364
7551
7551
513
3075
3075
227
7722
7722
197
68729
68729
2804
3921
3921
349
12506
12506
931
5336
5336
497
6212
6212
384
1027
1027
130
33842
33842
1658
21461
21461
399
1568
1568
49
67531
67531
3233
7203
7203
604
14723
14723
841
10705
10705
548
2225
2225
199
2235
2235
332
2465
2465
345
5359
5359
328
1061
1061
131
247
247
56
199
199
3
5438
5438
330
59343
59343
3298
1149
1149
139
38241
38241
805
8337
8337
378
5067
5067
256
16006
16006
842
7217
7217
584
58663
58663
1565
2258
2258
135
1213
1213
199
154013
154013
1261
4776
4776
329
1301312
1301312
19499
13918
13918
1411
32552
32552
1621
9208
9208
548
118152
118152
5179
413
413
105
370
370
27
1153
1153
143
3899
3899
359
13772
13772
1165
1615
1615
141
4616
4616
370
699
699
83
328882
328882
13655
10802
10802
901
12089
12089
781
4627
4627
246
70250
70250
2911
146440
146440
1671
13507
13507
382
3410
3410
362
9188
9188
297
984
984
84
2618
2618
292
477
477
64
4840
4840
331
5589
5589
571
53658
53658
5701
1080
1080
77
195818
195818
8438
31118
31118
1938
9138
9138
554
688
688
73
494
494
62
32293
32293
1749
3840
3840
239
152
152
5
3101
3101
306
119179
119179
2465
5395
5395
302
160912
160912
6844
5688
5688
470
12718
12718
581
7040
7040
804
7197
7197
488
150
150
11
374
374
33
12274
12274
285
17927
17927
1303
14431
14431
587
1066
1066
67
6047
6047
562
6619
6619
415
27610
27610
999
1202
1202
99
540
540
10
1886
1886
211
5756
5756
532
8929
8929
407
192
192
31
1807
1807
145
4674
4674
229
4594
4594
241
42802
42802
2411
3557
3557
116
25225
25225
752
4740
4740
442
58325
58325
2026
70286
70286
4043
10709
10709
280
28541
28541
1617
5195
5195
101
247
247
70
41159
41159
1153
17339
17339
970
4254
4254
79
306373
306373
2468
59180
59180
2629
2359
2359
45
1126
1126
64
10877
10877
156
2652
2652
115
90634
90634
3678
8681
8681
318
143620
143620
4843
4071
4071
517
10604
10604
465
126430
126430
4730
11029
11029
927
387983
387983
14249
461
461
32
2150
2150
173
5077
5077
522
1992
1992
136
22038
22038
1110
16105
16105
618
9776
9776
941
68
68
2
1373
1373
194
2276
2276
73
2234
2234
113
174
174
29
8990
8990
655
378
378
72
26920
26920
1887
5716
5716
357
17326
17326
1046
54228
54228
1524
1049
1049
185
769
769
92
33986
33986
2277
1700
1700
113
379
379
20
589
589
114
25600
25600
181
5312
5312
627
20698
20698
654
246008
246008
12000
4884
4884
605
25248
25248
1225
8006
8006
215
25345
25345
417
2307
2307
249
3808
3808
228
1642
1642
122
3150
3150
417
14217
14217
597
25029
25029
1683
2213
2213
187
659
659
115
53628
53628
3833
2404
2404
367
38921
38921
1523
2659
2659
165
64782
64782
1932
1273
1273
132
19366
19366
1522
9985
9985
628
7973
7973
520
63368
63368
3625
1384
1384
172
1292
1292
149
13954
13954
794
631
631
30
1242
1242
172
21746
21746
1271
8836
8836
481
79337
79337
1731
1231
1231
214
6563
6563
245
1055
1055
20
3394
3394
221
1824
1824
6
3163
3163
229
16295
16295
2540
96331
96331
2846
9542
9542
695
7662
7662
260
2098
2098
244
12456
12456
625
43912
43912
727
916
916
128
1178
1178
114
133885
133885
4195
17152
17152
1177
185
185
25
362873
362873
6272
16015
16015
461
534
534
81
31242
31242
2107
1803
1803
109
110676
110676
2639
22864
22864
780
24215
24215
1303
6127
6127
231
45447
45447
2802
2670
2670
170
51557
51557
1114
32347
32347
2040
45298
45298
913
231
231
46
24081
24081
903
14728
14728
1063
13571
13571
1084
12105
12105
445
745
745
101
1537
1537
149
7516
7516
327
8507
8507
78
13234
13234
875
5271
5271
183
10805
10805
286
5912
5912
755
8286
8286
502
181610
181610
4768
2521130
2521130
27560
79834
79834
4678
113088
113088
5256
3440
3440
404
17190
17190
55
10818
10818
1039
276451
276451
11065
1711
1711
151
15268
15268
774
49807
49807
2301
1571
1571
67
369
369
68
5683
5683
422
931
931
148
4093
4093
377
838
838
23
2226
2226
73
192
192
39
5894
5894
549
847472
847472
22344
4533
4533
309
127701
127701
3158
44768
44768
2366
2191
2191
183
521
521
48
3113
3113
142
128792
128792
5
18851
18851
1174
5557
5557
281
11602
11602
201
273
273
10
4816
4816
510
20
20
5
20292
20292
492
66106
66106
3103
271503
271503
12164
20250
20250
1414
7401
7401
239
430
430
72
8183
8183
421
121573
121573
5322
1581
1581
11
3098
3098
256
7971
7971
525
632
632
31
1326
1326
61
5869
5869
448
68404
68404
3507
616504
616504
17241
1776
1776
234
322
322
30
1072
1072
121
5329
5329
263
330733
330733
8090
17194
17194
1663
48369
48369
1312
8204
8204
507
3362
3362
36
1001
1001
113
82235
82235
3556
2776
2776
136
23208
23208
1427
100663
100663
4119
12175
12175
717
14353
14353
417
3312298
3312298
31357
2001
2001
274
1266
1266
104
5001
5001
669
24889
24889
782
2242
2242
232
3926
3926
300
38588
38588
2334
1068
1068
85
2969
2969
373
907328
907328
16923
10157
10157
608
11829
11829
648
8811
8811
282
12137
12137
529
12109
12109
674
3601
3601
305
7375
7375
611
89000
89000
601
263
263
36
4732
4732
174
2309
2309
138
5944
5944
308
48813
48813
2009
1411
1411
171
3143
3143
288
20172
20172
698
25152
25152
1215
3528
3528
87
191692
191692
3739
1137
1137
217
5099
5099
700
20148
20148
1105
412
412
45
2783
2783
171
49274
49274
3394
6748
6748
303
24779
24779
799
17311
17311
507
2077
2077
193
60343
60343
3954
26965
26965
1135
521207
521207
4482
29874
29874
811
2737
2737
186
1961
1961
123
6697
6697
298
15618
15618
514
10430
10430
730
1508
1508
46
34082
34082
2030
953
953
98
6956
6956
483
15277
15277
534
4972113
4972113
91808
27426
27426
1568
151060
151060
5335
1921
1921
219
4106
4106
425
304
304
30
13977
13977
363
3243
3243
296
47140
47140
954
7573
7573
348
1048
1048
127
5562
5562
364
577739
577739
19900
3126
3126
223
30093
30093
1385
8556
8556
219
26852
26852
1475
3336
3336
467
47641
47641
1688
3002
3002
204
569729
569729
15843
20978
20978
435
9086
9086
593
15717
15717
737
9775
9775
2047
12738
12738
648
238
238
34
1899
1899
201
7147
7147
507
8125946
8125946
61419
3755
3755
497
462
462
103
179212
179212
7304
29007
29007
1594
8994
8994
484
21707
21707
1049
855
855
32
8744
8744
697
696
696
121
2206
2206
352
2275
2275
83
10970
10970
442
2469
2469
231
1006361
1006361
6886
10224
10224
701
36724
36724
2303
21215
21215
1308
476
476
49
2250
2250
43
28490
28490
948
9848
9848
192
689
689
90
33747
33747
1180
8820
8820
522
123879
123879
5188
15572
15572
449
8483
8483
505
1263900
1263900
27255
4261
4261
266
1323
1323
18
180
180
25
1514
1514
127
897
897
84
42428
42428
1799
16691
16691
1297
129652
129652
5914
1596
1596
209
19778
19778
999
41120
41120
1056
3013
3013
294
6536
6536
222
4881
4881
229
7397
7397
188
6128
6128
144
43867
43867
1636
114383
114383
3868
20165
20165
540
12961
12961
1015
24860
24860
1520
1148
1148
141
321766
321766
12219
53103
53103
4196
1363
1363
150
2125
2125
151
2777
2777
238
58435
58435
3258
4788
4788
225
12949
12949
699
4642
4642
220
27456
27456
1672
676
676
32
1038
1038
111
972
972
120
22041
22041
1044
4
4
2
26876
26876
930
651
651
38
18650
18650
866
3011
3011
248
1304
1304
72
796
796
114
3016
3016
166
19521
19521
1547
977
977
103
890
890
46
42989
42989
1261
5900
5900
293
1037
1037
151
1758
1758
177
274
274
32
31575
31575
1524
755
755
45
779
779
91
38938
38938
4032
95086
95086
4007
1282
1282
21
929776
929776
24355
153895
153895
4678
125375
125375
3525
2483
2483
245
4391
4391
416
1206
1206
173
128906
128906
5502
8473
8473
381
230
230
15
40511
40511
3329
13203
13203
3
1841
1841
165
2718
2718
176
202641
202641
1357
19162
19162
1308
182
182
45
1076
1076
139
27787
27787
8
4164
4164
76
1051
1051
76
2849
2849
234
3693
3693
351
80580
80580
1945
8400
8400
4
34280
34280
1994
14976
14976
1108
170
170
48
38872
38872
1566
200951
200951
1682
1091
1091
167
284
284
26
5443
5443
376
33068
33068
1340
12549
12549
751
8089
8089
574
22965
22965
1591
3314
3314
218
2191006
2191006
49831
2220417
2220417
9149
33049
33049
2534
121643
121643
4464
10133
10133
874
2277
2277
74
3151
3151
134
1544
1544
123
95204
95204
1485
78723
78723
4108
47682
47682
1001
8460
8460
650
7529
7529
219
12559
12559
685
2922
2922
319
1815
1815
139
8301
8301
799
2726
2726
282
3015
3015
88
8776
8776
493
4169
4169
350
163416
163416
6215
266637
266637
11292
74661
74661
1567
66334
66334
3822
6061
6061
427
314
314
43
1217
1217
96
796
796
98
79
79
1
10374
10374
251
9672
9672
836
896
896
38
8533
8533
716
73408
73408
4027
18206
18206
655
4693
4693
342
60890
60890
3799
4197
4197
243
1452
1452
146
5494
5494
360
3229
3229
161
12674
12674
864
9800
9800
326
7511
7511
320
243254
243254
7384
617
617
37
98
98
14
16951
16951
961
31484
31484
1803
11939
11939
501
441
441
54
3925
3925
389
2784
2784
190
566
566
37
18106
18106
684
11227
11227
839
1830
1830
130
20669
20669
762
15479
15479
1096
1194
1194
65
19345
19345
936
16375
16375
1110
91189
91189
2656
1151
1151
203
6818
6818
623
2436
2436
268
1666
1666
66
3680
3680
207
83
83
4
50784
50784
2405
1092
1092
74
4543
4543
230
10555
10555
516
19150
19150
1146
3146
3146
286
739
739
124
1653
1653
240
1560
1560
208
12355
12355
695
6891
6891
734
5133
5133
392
6967
6967
553
3615
3615
283
24506
24506
1361
83
83
19
489
489
67
2130
2130
120
4019
4019
516
1278
1278
159
19248
19248
605
1897
1897
68
316
316
45
14794
14794
546
12762
12762
375
5387
5387
504
29320
29320
1777
89587
89587
1637
2422
2422
282
2512
2512
247
126708
126708
6050
23538
23538
556
14863
14863
347
1335
1335
136
265
265
35
7010
7010
730
44605
44605
1550
2602
2602
202
3206
3206
144
138753
138753
4743
2807
2807
103
1161
1161
140
123798
123798
1558
975
975
76
62262
62262
3553
8013
8013
690
5489
5489
570
10388
10388
715
4135
4135
297
919
919
64
2621
2621
198
1830
1830
114
6492
6492
406
202
202
39
45851
45851
1757
32832
32832
1241
1850
1850
173
8557
8557
556
10453
10453
838
163697
163697
5249
9418
9418
808
7529
7529
345
169743
169743
5989
55596
55596
3609
48021
48021
2413
12420
12420
702
116131
116131
5052
24023
24023
1694
61574
61574
2184
135
135
13
676
676
74
19332
19332
147
13749
13749
550
173
173
45
3443
3443
452
3242
3242
260
1803
1803
162
27139
27139
1142
1319
1319
239
22674
22674
856
16063
16063
400
3735
3735
185
3675
3675
401
49203
49203
1980
37957
37957
1787
925
925
149
8101
8101
128
15032
15032
538
21640
21640
868
1896
1896
263
248576
248576
10464
8994
8994
737
3702
3702
308
7172
7172
502
37844
37844
1865
12023
12023
926
736
736
53
1534
1534
71
517
517
56
89443
89443
3178
2802
2802
301
18261
18261
1552
1523
1523
195
52179
52179
2631
857
857
93
185
185
20
151890
151890
4287
5136
5136
351
276953
276953
12816
3038
3038
212
267940
267940
8969
1372
1372
30
486
486
90
106380
106380
5559
64265
64265
1895
5917
5917
275
49389
49389
1173
2800
2800
65
12082
12082
1002
908
908
59
4607
4607
270
13184
13184
645
2398
2398
192
88088
88088
2288
11435
11435
347
462
462
94
15793
15793
314
4668
4668
524
22896
22896
2248
3038
3038
73
23886
23886
1856
15871
15871
380
28908
28908
1608
1415
1415
185
503
503
37
16077
16077
1485
4469
4469
404
16788
16788
1028
50965
50965
2675
14945
14945
727
132786
132786
6135
2099
2099
187
7680
7680
491
4403
4403
346
11297
11297
1061
2697
2697
266
13502
13502
906
629
629
40
33881
33881
1335
3594
3594
139
132345
132345
3147
600
600
29
3431
3431
62
134570
134570
2700
231855
231855
6521
10177
10177
466
2186
2186
300
3747
3747
440
23838
23838
6
2874
2874
169
11134
11134
623
32241
32241
1602
1274
1274
133
20297
20297
301
142
142
18
249
249
35
1112
1112
84
6406
6406
439
5228
5228
254
404
404
15
7672
7672
380
18131
18131
1167
5444
5444
232
53949
53949
2400
2540
2540
308
26185
26185
1421
52279
52279
811
13063
13063
535
23289
23289
1427
9862
9862
348
14367
14367
1118
256003
256003
8269
68128
68128
2409
11802
11802
1203
8102
8102
325
13261
13261
428
1239
1239
108
3956
3956
38
16783
16783
845
4273
4273
126
9366
9366
30
2126
2126
203
10900
10900
569
20
20
4
154011
154011
6080
29636
29636
1068
13341
13341
602
49577
49577
3793
135519
135519
5083
4302
4302
282
872540
872540
25734
15498
15498
490
25034
25034
872
300
300
38
3879
3879
60
19728
19728
713
2909
2909
117
4613
4613
395
760
760
102
3706
3706
160
4403
4403
368
7230
7230
753
724
724
9
344
344
19
76995
76995
2289
6982
6982
396
2763
2763
142
1762
1762
107
13031
13031
758
1611
1611
76
2068
2068
147
10409
10409
209
14308
14308
467
19797
19797
1636
2135
2135
269
9834
9834
258
9895
9895
378
3196
3196
52
685
685
98
2532
2532
86
46668
46668
1514
9098
9098
626
120489
120489
5563
3262
3262
285
426003
426003
11141
1519
1519
149
25835
25835
968
338017
338017
12289
616
616
81
1332
1332
3
33009
33009
580
132
132
7
8904
8904
247
1716
1716
207
1069
1069
121
2972
2972
277
14682
14682
827
454700
454700
11782
11462
11462
611
2738
2738
2
11603
11603
230
893186
893186
16897
93870
93870
4322
2915
2915
196
8379
8379
139
79420
79420
3351
1722
1722
111
2569
2569
14
11066
11066
854
1640
1640
155
101798
101798
3656
11761
11761
782
23457
23457
1097
3186
3186
160
5123
5123
440
2940
2940
318
4286
4286
305
33272
33272
1863
10802
10802
774
5476
5476
385
77
77
4
4229
4229
471
1040
1040
44
2642
2642
125
371834
371834
6887
29410
29410
1604
10301
10301
395
32692
32692
1707
3751
3751
109
41605
41605
1065
511
511
37
37928
37928
3132
4506
4506
453
5095
5095
435
21263
21263
5
1610
1610
141
639
639
3
241171
241171
15514
1908
1908
149
21020
21020
969
3785
3785
435
4149
4149
330
2839
2839
336
1021322
1021322
21590
74903
74903
1397
116389
116389
1
409
409
64
28711
28711
1714
51962
51962
1651
42335
42335
1555
21723
21723
829
1171
1171
92
16465
16465
711
208259
208259
8583
3377484
3377484
37679
5891
5891
549
1089
1089
112
9320
9320
465
5125
5125
342
19341
19341
691
9158
9158
287
206366
206366
8018
15960
15960
1125
3896
3896
30
1396
1396
157
38586
38586
1258
10818
10818
847
3202
3202
240
32836
32836
2606
24159
24159
1591
784
784
39
905733
905733
19453
969
969
7
146306
146306
4081
30373
30373
1270
7416
7416
200
7366
7366
587
418
418
28
190379
190379
1501
7804
7804
416
32701
32701
1198
11485
11485
87
2503
2503
353
9854
9854
507
55267
55267
2362
7052
7052
369
1720
1720
182
406635
406635
12834
4205
4205
224
3600
3600
64
38640
38640
1623
32762
32762
3036
2843101
2843101
69400
1460
1460
163
22638
22638
1673
16434
16434
663
17893
17893
964
3557
3557
298
267
267
38
38298
38298
2590
1060894
1060894
22006
1166
1166
139
1730
1730
130
2623
2623
174
80
80
17
10243
10243
325
